{"name": "test_check_out_button_presence", "status": "failed", "statusDetails": {"message": "AssertionError: assert False", "trace": "self = <testCases.test_Cart.TestCart object at 0x000001F234917750>\ndriver = <selenium.webdriver.chrome.webdriver.WebDriver (session=\"7686e16f2eadddb8aefd6d0a3c2c2c31\")>\n\n    def test_check_out_button_presence(self, driver):\n        self.logger.info(\"**************** Test HomePage *******************\")\n        driver = driver\n        driver.get(ReadConfig.getApplicationURL())\n        login = LoginPage(driver)\n        login.login(ReadConfig.getUsername(), ReadConfig.getPassword())\n    \n        homepage = HomePage(driver)\n        homepage.select_product_01(\"Samsung galaxy s7\")\n        actual_title = driver.title\n        if actual_title == 'STORE':\n            print(\"We have sucessfully selected the products\")\n            self.logger.info(\"**************** Title is correct,We have sucessfully selected the products *******************\")\n            assert True\n        else:\n            self.logger.info(\"**************** there is some issue with product selection *******************\")\n            assert False\n        try:\n>           homepage.click_on_alert_Btn()\n\ntestCases\\test_Cart.py:33: \n_ _ _ _ _ _ _ _ _ _ _ _ _ _ _ _ _ _ _ _ _ _ _ _ _ _ _ _ _ _ _ _ _ _ _ _ _ _ _ _ _ _ _ _ _ _ _ _ _ _ _ _ _ _ _ _ _ _ _ _ _ _ _ _ _ _ _ _ _ _ _ \npageObjects\\HomePage.py:55: in click_on_alert_Btn\n    WebDriverUtils.wait_for_element(self.driver, self.ADD_TO_CART_BUTTON).click()\n    ^^^^^^^^^^^^^^^^^^^^^^^^^^^^^^^^^^^^^^^^^^^^^^^^^^^^^^^^^^^^^^^^^^^^^\nutilities\\webDriverUtils.py:11: in wait_for_element\n    return WebDriverWait(driver, timeout).until(\n_ _ _ _ _ _ _ _ _ _ _ _ _ _ _ _ _ _ _ _ _ _ _ _ _ _ _ _ _ _ _ _ _ _ _ _ _ _ _ _ _ _ _ _ _ _ _ _ _ _ _ _ _ _ _ _ _ _ _ _ _ _ _ _ _ _ _ _ _ _ _ \n\nself = <selenium.webdriver.support.wait.WebDriverWait (session=\"7686e16f2eadddb8aefd6d0a3c2c2c31\")>\nmethod = <function visibility_of_element_located.<locals>._predicate at 0x000001F234FC4EB0>, message = ''\n\n    def until(self, method: Callable[[D], Union[Literal[False], T]], message: str = \"\") -> T:\n        \"\"\"Wait until the method returns a value that is not False.\n    \n        Calls the method provided with the driver as an argument until the\n        return value does not evaluate to ``False``.\n    \n        Parameters:\n        -----------\n        method: callable(WebDriver)\n            - A callable object that takes a WebDriver instance as an argument.\n    \n        message: str\n            - Optional message for :exc:`TimeoutException`\n    \n        Return:\n        -------\n        object: T\n            - The result of the last call to `method`\n    \n        Raises:\n        -------\n        TimeoutException\n            - If 'method' does not return a truthy value within the WebDriverWait\n            object's timeout\n    \n        Example:\n        --------\n        >>> from selenium.webdriver.common.by import By\n        >>> from selenium.webdriver.support.ui import WebDriverWait\n        >>> from selenium.webdriver.support import expected_conditions as EC\n    \n        # Wait until an element is visible on the page\n        >>> wait = WebDriverWait(driver, 10)\n        >>> element = wait.until(EC.visibility_of_element_located((By.ID, \"exampleId\")))\n        >>> print(element.text)\n        \"\"\"\n        screen = None\n        stacktrace = None\n    \n        end_time = time.monotonic() + self._timeout\n        while True:\n            try:\n                value = method(self._driver)\n                if value:\n                    return value\n            except self._ignored_exceptions as exc:\n                screen = getattr(exc, \"screen\", None)\n                stacktrace = getattr(exc, \"stacktrace\", None)\n            if time.monotonic() > end_time:\n                break\n            time.sleep(self._poll)\n>       raise TimeoutException(message, screen, stacktrace)\nE       selenium.common.exceptions.TimeoutException: Message: \nE       Stacktrace:\nE       Symbols not available. Dumping unresolved backtrace:\nE       \t0x7ff6d5dda235\nE       \t0x7ff6d5b32630\nE       \t0x7ff6d58c16dd\nE       \t0x7ff6d591a27e\nE       \t0x7ff6d591a58c\nE       \t0x7ff6d596ed77\nE       \t0x7ff6d596baba\nE       \t0x7ff6d590b0ed\nE       \t0x7ff6d590bf63\nE       \t0x7ff6d5e05d60\nE       \t0x7ff6d5dffe8a\nE       \t0x7ff6d5e21005\nE       \t0x7ff6d5b4d71e\nE       \t0x7ff6d5b54e1f\nE       \t0x7ff6d5b3b7c4\nE       \t0x7ff6d5b3b97f\nE       \t0x7ff6d5b218e8\nE       \t0x7ffa3ae1259d\nE       \t0x7ffa3be8af78\n\nvenv\\Lib\\site-packages\\selenium\\webdriver\\support\\wait.py:138: TimeoutException\n\nDuring handling of the above exception, another exception occurred:\n\nself = <testCases.test_Cart.TestCart object at 0x000001F234917750>\ndriver = <selenium.webdriver.chrome.webdriver.WebDriver (session=\"7686e16f2eadddb8aefd6d0a3c2c2c31\")>\n\n    def test_check_out_button_presence(self, driver):\n        self.logger.info(\"**************** Test HomePage *******************\")\n        driver = driver\n        driver.get(ReadConfig.getApplicationURL())\n        login = LoginPage(driver)\n        login.login(ReadConfig.getUsername(), ReadConfig.getPassword())\n    \n        homepage = HomePage(driver)\n        homepage.select_product_01(\"Samsung galaxy s7\")\n        actual_title = driver.title\n        if actual_title == 'STORE':\n            print(\"We have sucessfully selected the products\")\n            self.logger.info(\"**************** Title is correct,We have sucessfully selected the products *******************\")\n            assert True\n        else:\n            self.logger.info(\"**************** there is some issue with product selection *******************\")\n            assert False\n        try:\n            homepage.click_on_alert_Btn()\n            self.logger.info(\"Alert handled successfully after adding product to cart\")\n        except Exception as e:\n            self.logger.error(f\"Error handling alert: {e}\")\n            driver.save_screenshot(\".\\\\Screenshots\\\\alert_error.png\")\n>           assert False\nE           assert False\n\ntestCases\\test_Cart.py:38: AssertionError"}, "attachments": [{"name": "Failure Screenshot - test_check_out_button_presence", "source": "2debc547-b566-4fc5-b4ac-ecc8cc29994c-attachment.png", "type": "image/png"}, {"name": "log", "source": "d5d487f4-4a2a-4556-b81d-27890ec0e069-attachment.txt", "type": "text/plain"}], "start": 1764703003867, "stop": 1764703019718, "uuid": "49fbd048-aa01-42c6-ab5b-6e0fcd8e9f69", "historyId": "4149eed53f9916aa1c85d026efb24f54", "testCaseId": "4149eed53f9916aa1c85d026efb24f54", "fullName": "testCases.test_Cart.TestCart#test_check_out_button_presence", "labels": [{"name": "parentSuite", "value": "testCases"}, {"name": "suite", "value": "test_Cart"}, {"name": "subSuite", "value": "TestCart"}, {"name": "host", "value": "RAJATS-WIN10"}, {"name": "thread", "value": "22396-MainThread"}, {"name": "framework", "value": "pytest"}, {"name": "language", "value": "cpython3"}, {"name": "package", "value": "testCases.test_Cart"}], "titlePath": ["testCases", "test_Cart.py", "TestCart"]}