{"name": "test_product_to_cart", "status": "failed", "statusDetails": {"message": "AssertionError: assert False", "trace": "self = <testCases.test_home.TestHomepage object at 0x000001F234CCEC10>\ndriver = <selenium.webdriver.chrome.webdriver.WebDriver (session=\"f5c827d11775ae8cdd25d909fe625043\")>\n\n    def test_product_to_cart(self, driver):\n        self.logger.info(\"**************** Test HomePage *******************\")\n        driver = driver\n        driver.get(ReadConfig.getApplicationURL())\n        login = LoginPage(driver)\n        login.login(ReadConfig.getUsername(), ReadConfig.getPassword())\n    \n        homepage = HomePage(driver)\n        homepage.select_product_01(\"Samsung galaxy s7\")\n        actual_title = driver.title\n        if actual_title == 'STORE':\n            print(\"We have sucessfully selected the products\")\n            self.logger.info(\"**************** Title is correct,We have sucessfully selected the products *******************\")\n            assert True\n        else:\n            self.logger.info(\"**************** there is some issue with product selection *******************\")\n            assert False\n        try:\n>           homepage.click_on_alert_Btn()\n\ntestCases\\test_home.py:32: \n_ _ _ _ _ _ _ _ _ _ _ _ _ _ _ _ _ _ _ _ _ _ _ _ _ _ _ _ _ _ _ _ _ _ _ _ _ _ _ _ _ _ _ _ _ _ _ _ _ _ _ _ _ _ _ _ _ _ _ _ _ _ _ _ _ _ _ _ _ _ _ \npageObjects\\HomePage.py:55: in click_on_alert_Btn\n    WebDriverUtils.wait_for_element(self.driver, self.ADD_TO_CART_BUTTON).click()\n    ^^^^^^^^^^^^^^^^^^^^^^^^^^^^^^^^^^^^^^^^^^^^^^^^^^^^^^^^^^^^^^^^^^^^^\nutilities\\webDriverUtils.py:11: in wait_for_element\n    return WebDriverWait(driver, timeout).until(\n_ _ _ _ _ _ _ _ _ _ _ _ _ _ _ _ _ _ _ _ _ _ _ _ _ _ _ _ _ _ _ _ _ _ _ _ _ _ _ _ _ _ _ _ _ _ _ _ _ _ _ _ _ _ _ _ _ _ _ _ _ _ _ _ _ _ _ _ _ _ _ \n\nself = <selenium.webdriver.support.wait.WebDriverWait (session=\"f5c827d11775ae8cdd25d909fe625043\")>\nmethod = <function visibility_of_element_located.<locals>._predicate at 0x000001F23633AF00>, message = ''\n\n    def until(self, method: Callable[[D], Union[Literal[False], T]], message: str = \"\") -> T:\n        \"\"\"Wait until the method returns a value that is not False.\n    \n        Calls the method provided with the driver as an argument until the\n        return value does not evaluate to ``False``.\n    \n        Parameters:\n        -----------\n        method: callable(WebDriver)\n            - A callable object that takes a WebDriver instance as an argument.\n    \n        message: str\n            - Optional message for :exc:`TimeoutException`\n    \n        Return:\n        -------\n        object: T\n            - The result of the last call to `method`\n    \n        Raises:\n        -------\n        TimeoutException\n            - If 'method' does not return a truthy value within the WebDriverWait\n            object's timeout\n    \n        Example:\n        --------\n        >>> from selenium.webdriver.common.by import By\n        >>> from selenium.webdriver.support.ui import WebDriverWait\n        >>> from selenium.webdriver.support import expected_conditions as EC\n    \n        # Wait until an element is visible on the page\n        >>> wait = WebDriverWait(driver, 10)\n        >>> element = wait.until(EC.visibility_of_element_located((By.ID, \"exampleId\")))\n        >>> print(element.text)\n        \"\"\"\n        screen = None\n        stacktrace = None\n    \n        end_time = time.monotonic() + self._timeout\n        while True:\n            try:\n                value = method(self._driver)\n                if value:\n                    return value\n            except self._ignored_exceptions as exc:\n                screen = getattr(exc, \"screen\", None)\n                stacktrace = getattr(exc, \"stacktrace\", None)\n            if time.monotonic() > end_time:\n                break\n            time.sleep(self._poll)\n>       raise TimeoutException(message, screen, stacktrace)\nE       selenium.common.exceptions.TimeoutException: Message: \nE       Stacktrace:\nE       Symbols not available. Dumping unresolved backtrace:\nE       \t0x7ff6d5dda235\nE       \t0x7ff6d5b32630\nE       \t0x7ff6d58c16dd\nE       \t0x7ff6d591a27e\nE       \t0x7ff6d591a58c\nE       \t0x7ff6d596ed77\nE       \t0x7ff6d596baba\nE       \t0x7ff6d590b0ed\nE       \t0x7ff6d590bf63\nE       \t0x7ff6d5e05d60\nE       \t0x7ff6d5dffe8a\nE       \t0x7ff6d5e21005\nE       \t0x7ff6d5b4d71e\nE       \t0x7ff6d5b54e1f\nE       \t0x7ff6d5b3b7c4\nE       \t0x7ff6d5b3b97f\nE       \t0x7ff6d5b218e8\nE       \t0x7ffa3ae1259d\nE       \t0x7ffa3be8af78\n\nvenv\\Lib\\site-packages\\selenium\\webdriver\\support\\wait.py:138: TimeoutException\n\nDuring handling of the above exception, another exception occurred:\n\nself = <testCases.test_home.TestHomepage object at 0x000001F234CCEC10>\ndriver = <selenium.webdriver.chrome.webdriver.WebDriver (session=\"f5c827d11775ae8cdd25d909fe625043\")>\n\n    def test_product_to_cart(self, driver):\n        self.logger.info(\"**************** Test HomePage *******************\")\n        driver = driver\n        driver.get(ReadConfig.getApplicationURL())\n        login = LoginPage(driver)\n        login.login(ReadConfig.getUsername(), ReadConfig.getPassword())\n    \n        homepage = HomePage(driver)\n        homepage.select_product_01(\"Samsung galaxy s7\")\n        actual_title = driver.title\n        if actual_title == 'STORE':\n            print(\"We have sucessfully selected the products\")\n            self.logger.info(\"**************** Title is correct,We have sucessfully selected the products *******************\")\n            assert True\n        else:\n            self.logger.info(\"**************** there is some issue with product selection *******************\")\n            assert False\n        try:\n            homepage.click_on_alert_Btn()\n            self.logger.info(\"Alert handled successfully after adding product to cart\")\n        except Exception as e:\n            self.logger.error(f\"Error handling alert: {e}\")\n            driver.save_screenshot(\".\\\\Screenshots\\\\alert_error.png\")\n>           assert False\nE           assert False\n\ntestCases\\test_home.py:37: AssertionError"}, "attachments": [{"name": "Failure Screenshot - test_product_to_cart", "source": "19987df6-bc68-48a8-9c34-c6ce927df7f5-attachment.png", "type": "image/png"}, {"name": "log", "source": "588be506-a51a-4b41-be7b-b24c94c7676f-attachment.txt", "type": "text/plain"}], "start": 1764703056295, "stop": 1764703070963, "uuid": "64ece3a4-d33b-40ca-a6d5-69c3f7f4e509", "historyId": "9dff344bca46383e861dc311391da181", "testCaseId": "9dff344bca46383e861dc311391da181", "fullName": "testCases.test_home.TestHomepage#test_product_to_cart", "labels": [{"name": "parentSuite", "value": "testCases"}, {"name": "suite", "value": "test_home"}, {"name": "subSuite", "value": "TestHomepage"}, {"name": "host", "value": "RAJATS-WIN10"}, {"name": "thread", "value": "22396-MainThread"}, {"name": "framework", "value": "pytest"}, {"name": "language", "value": "cpython3"}, {"name": "package", "value": "testCases.test_home"}], "titlePath": ["testCases", "test_home.py", "TestHomepage"]}